INFO:root:Parsed velocity: 20 m/s, time increments: 50 s
INFO:root:Time array created: 50 points from 0 to 10.0 s. Array size is 50
INFO:root:Saved plot: freefall.png
INFO:root:Compute time: 8.2320 seconds.
INFO:root:Parsed velocity: 20 m/s, time increments: 0 s
ERROR:root:Unexpected error in simulation: index -1 is out of bounds for axis 0 with size 0
INFO:root:Parsed velocity: -5.0 m/s, time increments: 50 s
INFO:root:Time array created: 50 points from 0 to 10.0 s. Array size is 50
INFO:root:Saved plot: freefall.png
INFO:root:Compute time: 3.4156 seconds.
INFO:root:Parsed velocity: 20 m/s, time increments from 0 to 10: 50
INFO:root:Time array created: 50 points from 0 to 10.0 s. Array size is 50
INFO:root:Saved plot: freefall.png
INFO:root:Overall compute time: 3.3191 seconds.
INFO:root:Compute time: 0.0001 seconds.
INFO:root:Parsed velocity: 20 m/s, time increments from 0 to 10: 50
INFO:root:Time array created: 50 points from 0 to 10.0 s. Array size is 50
INFO:root:Saved plot: freefall.png
INFO:root:Overall compute time: 14.6355 seconds.
INFO:root:Compute time: 0.0001 seconds.
INFO:root:Parsed velocity: 350.0 m/s, time increments from 3 to 10: 50
INFO:root:Time array created: 50 points from 3.0 to 10.0 s
INFO:root:Saved plot: freefall.png
INFO:root:Overall compute time: 6.4205 seconds.
INFO:root:Compute time: 0.0001 seconds.
INFO:root:Parsed velocity: 350.0 m/s, time increments from 3 to 50: 50
INFO:root:Time array created: 50 points from 3.0 to 50.0 s
INFO:root:Saved plot: freefall.png
INFO:root:Overall compute time: 24.9973 seconds.
INFO:root:Compute time: 0.0001 seconds.
INFO:root:Parsed velocity: 10000.0 m/s, time increments from 0 to 5000: 50
INFO:root:Time array created: 50 points from 0.0 to 5000.0 s
INFO:root:Saved plot: freefall.png
INFO:root:Overall compute time: 10.5657 seconds.
INFO:root:Compute time: 0.0001 seconds.
INFO:root:Parsed velocity: 10000.0 m/s, time increments from 0 to 2000: 50
INFO:root:Time array created: 50 points from 0.0 to 2000.0 s
INFO:root:Saved plot: freefall.png
INFO:root:Overall compute time: 28.2183 seconds.
INFO:root:Compute time: 0.0001 seconds.
INFO:root:Parsed velocity: 10000.0 m/s, time increments from 0 to 1000: 50
INFO:root:Time array created: 50 points from 0.0 to 1000.0 s
INFO:root:Saved plot: freefall.png
INFO:root:Overall compute time: 11.8856 seconds.
INFO:root:Compute time: 0.0001 seconds.
INFO:root:Parsed velocity: 1000.0 m/s, time increments from 0 to 1000: 50
INFO:root:Time array created: 50 points from 0.0 to 1000.0 s
INFO:root:Saved plot: freefall.png
INFO:root:Overall compute time: 5.2912 seconds.
INFO:root:Compute time: 0.0001 seconds.
INFO:root:Parsed velocity: 1000.0 m/s, time increments from 0 to 200: 50
INFO:root:Time array created: 50 points from 0.0 to 200.0 s
INFO:root:Saved plot: freefall.png
INFO:root:Overall compute time: 9.7104 seconds.
INFO:root:Compute time: 0.0001 seconds.
INFO:root:Parsed velocity: 1000000000.0 m/s, time increments from 0 to 50000: 50
INFO:root:Time array created: 50 points from 0.0 to 50000.0 s
INFO:root:Saved plot: freefall.png
INFO:root:Overall compute time: 3.4798 seconds.
INFO:root:Compute time: 0.0001 seconds.
INFO:root:Parsed velocity: 1000000000.0 m/s, time increments from 0 to 500000: 50
INFO:root:Time array created: 50 points from 0.0 to 500000.0 s
INFO:root:Saved plot: freefall.png
INFO:root:Overall compute time: 3.6571 seconds.
INFO:root:Compute time: 0.0001 seconds.
INFO:root:Parsed velocity: 300000000.0 m/s, time increments from 0 to 3000000: 50
INFO:root:Time array created: 50 points from 0.0 to 3000000.0 s
INFO:root:Saved plot: freefall.png
INFO:root:Overall compute time: 3.5030 seconds.
INFO:root:Compute time: 0.0002 seconds.
INFO:root:Parsed velocity: 100000000.0 m/s, time increments from 0 to 3000000: 50
INFO:root:Time array created: 50 points from 0.0 to 3000000.0 s
INFO:root:Saved plot: freefall.png
INFO:root:Overall compute time: 3.4007 seconds.
INFO:root:Compute time: 0.0001 seconds.
INFO:root:Parsed velocity: 100000000.0 m/s, time increments from 0 to 10000000: 50
INFO:root:Time array created: 50 points from 0.0 to 10000000.0 s
INFO:root:Saved plot: freefall.png
INFO:root:Overall compute time: 11.3267 seconds.
INFO:root:Compute time: 0.0001 seconds.
INFO:root:Parsed velocity: 20 m/s, time increments from 0 to 10: 50
INFO:root:Time array created: 50 points from 0.0 to 10.0 s
INFO:root:Saved plot: freefall.png
INFO:root:Overall compute time: 3.0424 seconds.
INFO:root:Compute time: 0.0003 seconds.
ERROR:root:Invalid velocity: -5.0. Must be 0 or above
ERROR:root:Value error in input validation: Velocity must be 0 or above
INFO:root:Parsed velocity: 20.0 m/s, time increments from 0 to 10: 1000000, g: 9.81 m/s**2
INFO:root:Time array created: 1000000 points from 0.0 to 10.0 s
INFO:root:Saved plot: freefall.png
INFO:root:Overall compute time: 3.7563 seconds.
INFO:root:Compute time: 0.0066 seconds.
INFO:root:Parsed 3 velocities: [20.0, 30.0, 40.0] m/s, time increments from 0 to 10: 100, g: 9.81 m/s**2
INFO:root:Time array created: 100 points from 0.0 to 10.0 s
INFO:root:Saved plot: freefall.png
INFO:root:Plotted 3 trajectories
INFO:root:Saved results to free_fall_results.txt
INFO:root:Overall compute time: 4.7405 seconds.
INFO:root:Compute time: 0.0003 seconds.
INFO:root:Parsed 2 velocities: [20.0, 30.0] m/s, time increments from 0 to 10: 100, g: 3.71 m/s**2
INFO:root:Time array created: 100 points from 0.0 to 10.0 s
INFO:root:Saved plot: freefall.png
INFO:root:Plotted 2 trajectories
INFO:root:Saved results to free_fall_results.txt
INFO:root:Overall compute time: 3.1827 seconds.
INFO:root:Compute time: 0.0001 seconds.
INFO:root:Parsed 3 velocities: [20.0, 30.0, 40.0] m/s, time increments from 0 to 10: 1000000, g: 9.81 m/s**2
INFO:root:Time array created: 1000000 points from 0.0 to 10.0 s
INFO:root:Saved plot: freefall.png
INFO:root:Plotted 3 trajectories
INFO:root:Saved results to free_fall_results.txt
INFO:root:Overall compute time: 7.6445 seconds.
INFO:root:Compute time: 0.0199 seconds.
